<?xml version="1.0" encoding="UTF-8"?>
<!-- Generated by org.testng.reporters.JUnitReportReporter -->
<testsuite skipped="0" hostname="QTLSYS0-223" name="tests.QCStore" tests="1" failures="0" timestamp="12 Jun 2020 10:09:58 GMT" time="1118.128" errors="0">
  <testcase name="QF_908_TS_004" time="1118.128" classname="tests.QCStore"/>
</testsuite> <!-- tests.QCStore -->
